Watching for file changes with StatReloader
Waiting for apps ready_event.
Apps ready_event triggered. Sending autoreload_started signal.
(0.001) 
            SELECT name, type FROM sqlite_master
            WHERE type in ('table', 'view') AND NOT name='sqlite_sequence'
            ORDER BY name; args=None
(0.000) SELECT "django_migrations"."app", "django_migrations"."name" FROM "django_migrations"; args=()
File /Users/kumargaurav/anaconda3/lib/python3.8/site-packages/django/urls/converters.py first seen with mtime 1656863187.3619647
File /Users/kumargaurav/anaconda3/lib/python3.8/email/contentmanager.py first seen with mtime 1599204247.0
File /Users/kumargaurav/anaconda3/lib/python3.8/site-packages/django/contrib/admin/__init__.py first seen with mtime 1656863186.1916797
File /Users/kumargaurav/anaconda3/lib/python3.8/email/__init__.py first seen with mtime 1599204247.0
File /Users/kumargaurav/anaconda3/lib/python3.8/email/mime/text.py first seen with mtime 1599204247.0
File /Users/kumargaurav/anaconda3/lib/python3.8/site-packages/imagekit/lib.py first seen with mtime 1626098585.7617793
File /Users/kumargaurav/anaconda3/lib/python3.8/site-packages/django/contrib/messages/__init__.py first seen with mtime 1656863186.9595587
File /Users/kumargaurav/anaconda3/lib/python3.8/lib-dynload/_datetime.cpython-38-darwin.so first seen with mtime 1609992053.063257
File /Users/kumargaurav/anaconda3/lib/python3.8/site-packages/django/utils/formats.py first seen with mtime 1656863187.3683712
File /Users/kumargaurav/anaconda3/lib/python3.8/site-packages/django/dispatch/dispatcher.py first seen with mtime 1656863187.3226397
File /Users/kumargaurav/anaconda3/lib/python3.8/lib-dynload/_json.cpython-38-darwin.so first seen with mtime 1609992053.0839064
File /Users/kumargaurav/anaconda3/lib/python3.8/site-packages/django/core/cache/backends/base.py first seen with mtime 1656863187.252714
File /Users/kumargaurav/anaconda3/lib/python3.8/site-packages/django/db/models/constants.py first seen with mtime 1656863187.3101828
File /Users/kumargaurav/anaconda3/lib/python3.8/site-packages/django/utils/lorem_ipsum.py first seen with mtime 1656863187.371193
File /Users/kumargaurav/anaconda3/lib/python3.8/html/entities.py first seen with mtime 1599204247.0
File /Users/kumargaurav/anaconda3/lib/python3.8/site-packages/django/contrib/sites/models.py first seen with mtime 1656863187.1727176
File /Users/kumargaurav/anaconda3/lib/python3.8/locale.py first seen with mtime 1599204245.0
File /Users/kumargaurav/anaconda3/lib/python3.8/site-packages/django/core/checks/templates.py first seen with mtime 1656863187.257316
File /Users/kumargaurav/anaconda3/lib/python3.8/site-packages/django/http/cookie.py first seen with mtime 1656863187.3411486
File /Users/kumargaurav/anaconda3/lib/python3.8/site-packages/django/contrib/sessions/apps.py first seen with mtime 1656863187.0846586
File /Users/kumargaurav/anaconda3/lib/python3.8/importlib/machinery.py first seen with mtime 1599204247.0
File /Users/kumargaurav/anaconda3/lib/python3.8/site-packages/django/core/servers/__init__.py first seen with mtime 1656863187.2773142
File /Users/kumargaurav/anaconda3/lib/python3.8/site-packages/jinja2/bccache.py first seen with mtime 1588170723.0
File /Users/kumargaurav/anaconda3/lib/python3.8/site-packages/django/db/migrations/operations/base.py first seen with mtime 1656863187.3074698
File /Users/kumargaurav/anaconda3/lib/python3.8/site-packages/django/conf/global_settings.py first seen with mtime 1656863186.065482
File /Users/kumargaurav/anaconda3/lib/python3.8/site-packages/django/contrib/admin/utils.py first seen with mtime 1656863186.1969042
File /Users/kumargaurav/anaconda3/lib/python3.8/site-packages/imagekit/specs/__init__.py first seen with mtime 1626098585.7662349
File /Users/kumargaurav/anaconda3/lib/python3.8/site-packages/django/core/paginator.py first seen with mtime 1656863187.248679
File /Users/kumargaurav/anaconda3/lib/python3.8/site-packages/material/frontend/urlconf.py first seen with mtime 1626098585.102557
File /Users/kumargaurav/anaconda3/lib/python3.8/weakref.py first seen with mtime 1599204245.0
File /Users/kumargaurav/anaconda3/lib/python3.8/lib-dynload/_heapq.cpython-38-darwin.so first seen with mtime 1609992053.0810869
File /Users/kumargaurav/anaconda3/lib/python3.8/json/__init__.py first seen with mtime 1599204247.0
File /Users/kumargaurav/anaconda3/lib/python3.8/site-packages/django/db/migrations/__init__.py first seen with mtime 1656863187.3007908
File /Users/kumargaurav/anaconda3/lib/python3.8/site-packages/cffi/api.py first seen with mtime 1623663735.0991662
File /Users/kumargaurav/anaconda3/lib/python3.8/keyword.py first seen with mtime 1599204245.0
File /Users/kumargaurav/anaconda3/lib/python3.8/site-packages/django/db/backends/base/__init__.py first seen with mtime 1656863187.2798517
File /Users/kumargaurav/anaconda3/lib/python3.8/ipaddress.py first seen with mtime 1599204245.0
File /Users/kumargaurav/anaconda3/lib/python3.8/site-packages/django/contrib/auth/models.py first seen with mtime 1656863186.5438786
File /Users/kumargaurav/anaconda3/lib/python3.8/site-packages/django/contrib/messages/constants.py first seen with mtime 1656863186.9605486
File /Users/kumargaurav/anaconda3/lib/python3.8/site-packages/django/db/models/sql/where.py first seen with mtime 1656863187.3220484
File /Users/kumargaurav/anaconda3/lib/python3.8/site-packages/django/conf/urls/static.py first seen with mtime 1656863186.191152
File /Users/kumargaurav/anaconda3/lib/python3.8/site-packages/django/contrib/sites/apps.py first seen with mtime 1656863187.171423
File /Users/kumargaurav/anaconda3/lib/python3.8/base64.py first seen with mtime 1599204245.0
File /Users/kumargaurav/anaconda3/lib/python3.8/site-packages/django/db/models/constraints.py first seen with mtime 1656863187.3104594
File /Users/kumargaurav/anaconda3/lib/python3.8/site-packages/django/views/generic/base.py first seen with mtime 1656863187.381583
File /Users/kumargaurav/anaconda3/lib/python3.8/site-packages/django/db/models/fields/proxy.py first seen with mtime 1656863187.3157997
File /Users/kumargaurav/anaconda3/lib/python3.8/site-packages/material/__init__.py first seen with mtime 1626098585.0900338
File /Users/kumargaurav/anaconda3/lib/python3.8/site-packages/django/template/library.py first seen with mtime 1656863187.3505137
File /Users/kumargaurav/anaconda3/lib/python3.8/site-packages/django/utils/timesince.py first seen with mtime 1656863187.3739676
File /Users/kumargaurav/anaconda3/lib/python3.8/site-packages/django/core/signals.py first seen with mtime 1656863187.249095
File /Users/kumargaurav/anaconda3/lib/python3.8/site-packages/django/contrib/messages/api.py first seen with mtime 1656863186.959858
File /Users/kumargaurav/anaconda3/lib/python3.8/site-packages/django/contrib/sitemaps/__init__.py first seen with mtime 1656863187.169084
File /Users/kumargaurav/anaconda3/lib/python3.8/site-packages/django/core/files/uploadhandler.py first seen with mtime 1656863187.262002
File /Users/kumargaurav/anaconda3/lib/python3.8/site-packages/sqlparse/keywords.py first seen with mtime 1623663736.653959
File /Users/kumargaurav/anaconda3/lib/python3.8/site-packages/django/utils/html.py first seen with mtime 1656863187.3692245
File /Users/kumargaurav/anaconda3/lib/python3.8/site-packages/django/db/models/fields/mixins.py first seen with mtime 1656863187.3155496
File /Users/kumargaurav/anaconda3/lib/python3.8/os.py first seen with mtime 1599204245.0
File /Users/kumargaurav/anaconda3/lib/python3.8/site-packages/django/contrib/auth/apps.py first seen with mtime 1656863186.5400121
File /Users/kumargaurav/anaconda3/lib/python3.8/site-packages/django/db/models/fields/__init__.py first seen with mtime 1656863187.3149328
File /Users/kumargaurav/Downloads/django-photo-gallery/django_photo_gallery/app/admin.py first seen with mtime 1656863103.840605
File /Users/kumargaurav/anaconda3/lib/python3.8/site-packages/imagekit/signals.py first seen with mtime 1626098585.7614672
File /Users/kumargaurav/anaconda3/lib/python3.8/site-packages/django/utils/text.py first seen with mtime 1656863187.3736987
File /Users/kumargaurav/anaconda3/lib/python3.8/site-packages/django/db/backends/__init__.py first seen with mtime 1656863187.278814
File /Users/kumargaurav/Downloads/django-photo-gallery/django_photo_gallery/django_photo_gallery/urls.py first seen with mtime 1656863103.9612184
File /Users/kumargaurav/anaconda3/lib/python3.8/site-packages/django/middleware/cache.py first seen with mtime 1656863187.3429842
File /Users/kumargaurav/anaconda3/lib/python3.8/site-packages/django/core/checks/translation.py first seen with mtime 1656863187.2576041
File /Users/kumargaurav/anaconda3/lib/python3.8/email/headerregistry.py first seen with mtime 1599204247.0
File /Users/kumargaurav/anaconda3/lib/python3.8/shutil.py first seen with mtime 1599204245.0
File /Users/kumargaurav/anaconda3/lib/python3.8/site-packages/django/views/generic/edit.py first seen with mtime 1656863187.3826668
File /Users/kumargaurav/anaconda3/lib/python3.8/site-packages/jinja2/utils.py first seen with mtime 1588170723.0
File /Users/kumargaurav/anaconda3/lib/python3.8/site-packages/django/core/management/__init__.py first seen with mtime 1656863187.2669332
File /Users/kumargaurav/anaconda3/lib/python3.8/site-packages/django/contrib/auth/validators.py first seen with mtime 1656863186.5459025
File /Users/kumargaurav/anaconda3/lib/python3.8/gzip.py first seen with mtime 1599204245.0
File /Users/kumargaurav/anaconda3/lib/python3.8/site-packages/pytz/exceptions.py first seen with mtime 1656831261.2170134
File /Users/kumargaurav/anaconda3/lib/python3.8/site-packages/PIL/Image.py first seen with mtime 1656863189.989122
File /Users/kumargaurav/anaconda3/lib/python3.8/lib-dynload/_socket.cpython-38-darwin.so first seen with mtime 1609992053.1144116
File /Users/kumargaurav/anaconda3/lib/python3.8/site-packages/django/contrib/admin/helpers.py first seen with mtime 1656863186.1943653
File /Users/kumargaurav/anaconda3/lib/python3.8/site-packages/django/utils/tree.py first seen with mtime 1656863187.374798
File /Users/kumargaurav/anaconda3/lib/python3.8/inspect.py first seen with mtime 1599204245.0
File /Users/kumargaurav/anaconda3/lib/python3.8/site-packages/django/db/backends/utils.py first seen with mtime 1656863187.2796326
File /Users/kumargaurav/anaconda3/lib/python3.8/lib-dynload/_ssl.cpython-38-darwin.so first seen with mtime 1609992053.121575
File /Users/kumargaurav/anaconda3/lib/python3.8/site-packages/django/contrib/admin/filters.py first seen with mtime 1656863186.1937857
File /Users/kumargaurav/anaconda3/lib/python3.8/site-packages/django/core/checks/security/base.py first seen with mtime 1656863187.2587318
File /Users/kumargaurav/anaconda3/lib/python3.8/token.py first seen with mtime 1599204245.0
File /Users/kumargaurav/anaconda3/lib/python3.8/site-packages/pilkit/processors/base.py first seen with mtime 1626098585.7414954
File /Users/kumargaurav/anaconda3/lib/python3.8/site-packages/django/contrib/admin/models.py first seen with mtime 1656863186.1946447
File /Users/kumargaurav/anaconda3/lib/python3.8/site-packages/django/utils/crypto.py first seen with mtime 1656863187.3647728
File /Users/kumargaurav/anaconda3/lib/python3.8/site-packages/django/template/exceptions.py first seen with mtime 1656863187.3501534
File /Users/kumargaurav/anaconda3/lib/python3.8/site-packages/django/template/defaulttags.py first seen with mtime 1656863187.3493266
File /Users/kumargaurav/anaconda3/lib/python3.8/site-packages/PIL/ImageMode.py first seen with mtime 1656863189.9928086
File /Users/kumargaurav/anaconda3/lib/python3.8/site-packages/jinja2/optimizer.py first seen with mtime 1588170723.0
File /Users/kumargaurav/anaconda3/lib/python3.8/site-packages/jinja2/loaders.py first seen with mtime 1588170723.0
File /Users/kumargaurav/anaconda3/lib/python3.8/site-packages/django/template/loader_tags.py first seen with mtime 1656863187.3511593
File /Users/kumargaurav/anaconda3/lib/python3.8/bz2.py first seen with mtime 1599204245.0
File /Users/kumargaurav/anaconda3/lib/python3.8/site-packages/imagekit/processors/__init__.py first seen with mtime 1626098585.772168
File /Users/kumargaurav/anaconda3/lib/python3.8/site-packages/django/db/__init__.py first seen with mtime 1656863187.2779264
File /Users/kumargaurav/anaconda3/lib/python3.8/lib-dynload/_posixsubprocess.cpython-38-darwin.so first seen with mtime 1609992053.0994906
File /Users/kumargaurav/anaconda3/lib/python3.8/site-packages/django/views/debug.py first seen with mtime 1656863187.3778133
File /Users/kumargaurav/anaconda3/lib/python3.8/site-packages/django/contrib/admin/sites.py first seen with mtime 1656863186.1959908
File /Users/kumargaurav/anaconda3/lib/python3.8/lib-dynload/_pickle.cpython-38-darwin.so first seen with mtime 1609992053.0958426
File /Users/kumargaurav/anaconda3/lib/python3.8/_compression.py first seen with mtime 1599204245.0
File /Users/kumargaurav/anaconda3/lib/python3.8/site-packages/cffi/error.py first seen with mtime 1623663735.0903354
File /Users/kumargaurav/Downloads/django-photo-gallery/django_photo_gallery/manage.py first seen with mtime 1656863103.9616394
File /Users/kumargaurav/anaconda3/lib/python3.8/site-packages/django/db/models/expressions.py first seen with mtime 1656863187.3112147
File /Users/kumargaurav/anaconda3/lib/python3.8/encodings/utf_8.py first seen with mtime 1599204247.0
File /Users/kumargaurav/anaconda3/lib/python3.8/site-packages/django/apps/registry.py first seen with mtime 1656863186.0640337
File /Users/kumargaurav/anaconda3/lib/python3.8/site-packages/django/db/models/options.py first seen with mtime 1656863187.3127656
File /Users/kumargaurav/anaconda3/lib/python3.8/lib-dynload/_sqlite3.cpython-38-darwin.so first seen with mtime 1609992053.117462
File /Users/kumargaurav/anaconda3/lib/python3.8/site-packages/django/core/files/locks.py first seen with mtime 1656863187.2605255
File /Users/kumargaurav/anaconda3/lib/python3.8/site-packages/sphinxcontrib/__init__.py first seen with mtime 1573662689.0
File /Users/kumargaurav/anaconda3/lib/python3.8/site-packages/pytz/lazy.py first seen with mtime 1656831261.2173784
File /Users/kumargaurav/anaconda3/lib/python3.8/site-packages/django/contrib/staticfiles/handlers.py first seen with mtime 1656863187.2416687
File /Users/kumargaurav/anaconda3/lib/python3.8/pickle.py first seen with mtime 1599204245.0
File /Users/kumargaurav/anaconda3/lib/python3.8/site-packages/imagekit/hashers.py first seen with mtime 1626098585.7631931
File /Users/kumargaurav/anaconda3/lib/python3.8/site-packages/django/utils/baseconv.py first seen with mtime 1656863187.364213
File /Users/kumargaurav/anaconda3/lib/python3.8/site-packages/imagekit/models/fields/files.py first seen with mtime 1626098585.7653522
File /Users/kumargaurav/anaconda3/lib/python3.8/site-packages/django/forms/__init__.py first seen with mtime 1656863187.3231874
File /Users/kumargaurav/anaconda3/lib/python3.8/site-packages/django/utils/deconstruct.py first seen with mtime 1656863187.3666449
File /Users/kumargaurav/anaconda3/lib/python3.8/site-packages/django/core/handlers/__init__.py first seen with mtime 1656863187.2625017
File /Users/kumargaurav/anaconda3/lib/python3.8/site-packages/imagekit/files.py first seen with mtime 1626098585.7624233
File /Users/kumargaurav/anaconda3/lib/python3.8/site-packages/django/contrib/sites/shortcuts.py first seen with mtime 1656863187.1732543
File /Users/kumargaurav/anaconda3/lib/python3.8/site-packages/django/db/utils.py first seen with mtime 1656863187.2786021
File /Users/kumargaurav/anaconda3/lib/python3.8/site-packages/django/template/smartif.py first seen with mtime 1656863187.3517776
File /Users/kumargaurav/anaconda3/lib/python3.8/_compat_pickle.py first seen with mtime 1599204245.0
File /Users/kumargaurav/anaconda3/lib/python3.8/site-packages/django/contrib/admin/apps.py first seen with mtime 1656863186.192295
File /Users/kumargaurav/anaconda3/lib/python3.8/site-packages/django/utils/timezone.py first seen with mtime 1656863187.374283
File /Users/kumargaurav/anaconda3/lib/python3.8/traceback.py first seen with mtime 1599204245.0
File /Users/kumargaurav/anaconda3/lib/python3.8/site-packages/django/db/models/sql/__init__.py first seen with mtime 1656863187.3196323
File /Users/kumargaurav/anaconda3/lib/python3.8/html/parser.py first seen with mtime 1599204247.0
File /Users/kumargaurav/anaconda3/lib/python3.8/collections/abc.py first seen with mtime 1599204247.0
File /Users/kumargaurav/anaconda3/lib/python3.8/site-packages/imagekit/specs/sourcegroups.py first seen with mtime 1626098585.7659364
File /Users/kumargaurav/anaconda3/lib/python3.8/site-packages/PIL/__init__.py first seen with mtime 1656863190.0080707
File /Users/kumargaurav/anaconda3/lib/python3.8/site-packages/django/core/files/utils.py first seen with mtime 1656863187.2622747
File /Users/kumargaurav/anaconda3/lib/python3.8/site-packages/django/db/models/manager.py first seen with mtime 1656863187.3123264
File /Users/kumargaurav/anaconda3/lib/python3.8/site-packages/django/apps/config.py first seen with mtime 1656863186.063507
File /Users/kumargaurav/anaconda3/lib/python3.8/site-packages/django/templatetags/i18n.py first seen with mtime 1656863187.3566911
File /Users/kumargaurav/anaconda3/lib/python3.8/site-packages/appconf/base.py first seen with mtime 1626098585.7277944
File /Users/kumargaurav/anaconda3/lib/python3.8/site-packages/django/core/checks/urls.py first seen with mtime 1656863187.2579582
File /Users/kumargaurav/anaconda3/lib/python3.8/site-packages/django/db/models/fields/reverse_related.py first seen with mtime 1656863187.31734
File /Users/kumargaurav/anaconda3/lib/python3.8/site-packages/django/utils/translation/trans_real.py first seen with mtime 1656863187.3768997
File /Users/kumargaurav/anaconda3/lib/python3.8/site-packages/django/db/migrations/migration.py first seen with mtime 1656863187.3043458
File /Users/kumargaurav/anaconda3/lib/python3.8/site-packages/imagekit/models/__init__.py first seen with mtime 1626098585.76482
File /Users/kumargaurav/anaconda3/lib/python3.8/site-packages/django/conf/__init__.py first seen with mtime 1656863186.0649796
File /Users/kumargaurav/anaconda3/lib/python3.8/site-packages/PIL/version.py first seen with mtime 1656863190.014789
File /Users/kumargaurav/anaconda3/lib/python3.8/site-packages/django/conf/urls/__init__.py first seen with mtime 1656863186.1906369
File /Users/kumargaurav/anaconda3/lib/python3.8/site-packages/django/db/models/__init__.py first seen with mtime 1656863187.3090339
File /Users/kumargaurav/anaconda3/lib/python3.8/site-packages/jinja2/filters.py first seen with mtime 1588170723.0
File /Users/kumargaurav/anaconda3/lib/python3.8/site-packages/django/forms/renderers.py first seen with mtime 1656863187.3252788
File /Users/kumargaurav/anaconda3/lib/python3.8/lib-dynload/fcntl.cpython-38-darwin.so first seen with mtime 1609992053.1567001
File /Users/kumargaurav/anaconda3/lib/python3.8/site-packages/django/contrib/contenttypes/forms.py first seen with mtime 1656863186.626855
File /Users/kumargaurav/anaconda3/lib/python3.8/site-packages/django/contrib/auth/hashers.py first seen with mtime 1656863186.5425744
File /Users/kumargaurav/anaconda3/lib/python3.8/ntpath.py first seen with mtime 1599204245.0
File /Users/kumargaurav/anaconda3/lib/python3.8/site-packages/sqlparse/engine/filter_stack.py first seen with mtime 1623663736.6566792
File /Users/kumargaurav/anaconda3/lib/python3.8/site-packages/imagekit/cachefiles/__init__.py first seen with mtime 1626098585.767545
File /Users/kumargaurav/anaconda3/lib/python3.8/site-packages/django/core/servers/basehttp.py first seen with mtime 1656863187.2776072
File /Users/kumargaurav/anaconda3/lib/python3.8/site-packages/jinja2/lexer.py first seen with mtime 1588170723.0
File /Users/kumargaurav/anaconda3/lib/python3.8/site-packages/pytz/__init__.py first seen with mtime 1656831261.2166023
File /Users/kumargaurav/anaconda3/lib/python3.8/site-packages/django/db/models/functions/mixins.py first seen with mtime 1656863187.3187237
File /Users/kumargaurav/anaconda3/lib/python3.8/site-packages/sqlparse/sql.py first seen with mtime 1623663736.6549442
File /Users/kumargaurav/anaconda3/lib/python3.8/lib-dynload/_bz2.cpython-38-darwin.so first seen with mtime 1609992053.033304
File /Users/kumargaurav/anaconda3/lib/python3.8/site-packages/django/db/models/functions/__init__.py first seen with mtime 1656863187.3176525
File /Users/kumargaurav/anaconda3/lib/python3.8/linecache.py first seen with mtime 1599204245.0
File /Users/kumargaurav/anaconda3/lib/python3.8/email/_policybase.py first seen with mtime 1599204247.0
File /Users/kumargaurav/anaconda3/lib/python3.8/site-packages/django/core/wsgi.py first seen with mtime 1656863187.250636
File /Users/kumargaurav/Downloads/django-photo-gallery/django_photo_gallery/django_photo_gallery/settings.py first seen with mtime 1656863103.9610555
File /Users/kumargaurav/Downloads/django-photo-gallery/django_photo_gallery/django_photo_gallery/__init__.py first seen with mtime 1656863103.9608357
File /Users/kumargaurav/anaconda3/lib/python3.8/site-packages/sqlparse/filters/__init__.py first seen with mtime 1623663736.6579804
File /Users/kumargaurav/anaconda3/lib/python3.8/site-packages/django/db/models/sql/constants.py first seen with mtime 1656863187.3204396
File /Users/kumargaurav/anaconda3/lib/python3.8/site-packages/django/db/models/utils.py first seen with mtime 1656863187.3143277
File /Users/kumargaurav/anaconda3/lib/python3.8/site-packages/django/template/__init__.py first seen with mtime 1656863187.3463852
File /Users/kumargaurav/anaconda3/lib/python3.8/distutils/__init__.py first seen with mtime 1599204248.0
File /Users/kumargaurav/anaconda3/lib/python3.8/site-packages/django/forms/boundfield.py first seen with mtime 1656863187.323466
File /Users/kumargaurav/anaconda3/lib/python3.8/site-packages/django/template/backends/__init__.py first seen with mtime 1656863187.3523598
File /Users/kumargaurav/anaconda3/lib/python3.8/email/generator.py first seen with mtime 1599204247.0
File /Users/kumargaurav/anaconda3/lib/python3.8/site-packages/django/utils/datetime_safe.py first seen with mtime 1656863187.366383
File /Users/kumargaurav/anaconda3/lib/python3.8/site-packages/django/contrib/staticfiles/utils.py first seen with mtime 1656863187.243099
File /Users/kumargaurav/anaconda3/lib/python3.8/site-packages/django/contrib/sites/management.py first seen with mtime 1656863187.1718209
File /Users/kumargaurav/anaconda3/lib/python3.8/site-packages/django/db/models/sql/query.py first seen with mtime 1656863187.3214252
File /Users/kumargaurav/anaconda3/lib/python3.8/email/mime/base.py first seen with mtime 1599204247.0
File /Users/kumargaurav/anaconda3/lib/python3.8/site-packages/sqlparse/exceptions.py first seen with mtime 1623663736.6526434
File /Users/kumargaurav/anaconda3/lib/python3.8/distutils/version.py first seen with mtime 1599204248.0
File /Users/kumargaurav/anaconda3/lib/python3.8/site-packages/django/db/backends/base/creation.py first seen with mtime 1656863187.280812
File /Users/kumargaurav/anaconda3/lib/python3.8/site-packages/django/middleware/__init__.py first seen with mtime 1656863187.3425517
File /Users/kumargaurav/anaconda3/lib/python3.8/pprint.py first seen with mtime 1599204245.0
File /Users/kumargaurav/anaconda3/lib/python3.8/site-packages/django/core/cache/backends/__init__.py first seen with mtime 1656863187.2521727
File /Users/kumargaurav/anaconda3/lib/python3.8/site-packages/django/utils/inspect.py first seen with mtime 1656863187.3698173
File /Users/kumargaurav/anaconda3/lib/python3.8/site-packages/django/core/files/move.py first seen with mtime 1656863187.2608154
File /Users/kumargaurav/anaconda3/lib/python3.8/site-packages/django/utils/regex_helper.py first seen with mtime 1656863187.3724122
File /Users/kumargaurav/anaconda3/lib/python3.8/site-packages/django/contrib/auth/checks.py first seen with mtime 1656863186.5408804
File /Users/kumargaurav/anaconda3/lib/python3.8/site-packages/django/db/backends/sqlite3/schema.py first seen with mtime 1656863187.3002217
File /Users/kumargaurav/anaconda3/lib/python3.8/site-packages/django/db/models/query.py first seen with mtime 1656863187.313401
File /Users/kumargaurav/anaconda3/lib/python3.8/site-packages/django/templatetags/cache.py first seen with mtime 1656863187.3563318
File /Users/kumargaurav/anaconda3/lib/python3.8/site-packages/django/templatetags/static.py first seen with mtime 1656863187.3572724
File /Users/kumargaurav/anaconda3/lib/python3.8/site-packages/imagekit/admin.py first seen with mtime 1626098585.7638369
File /Users/kumargaurav/anaconda3/lib/python3.8/site-packages/django/template/backends/jinja2.py first seen with mtime 1656863187.3536496
File /Users/kumargaurav/anaconda3/lib/python3.8/site-packages/django/template/utils.py first seen with mtime 1656863187.3520904
File /Users/kumargaurav/anaconda3/lib/python3.8/site-packages/django/views/i18n.py first seen with mtime 1656863187.3784008
File /Users/kumargaurav/anaconda3/lib/python3.8/encodings/__init__.py first seen with mtime 1599204247.0
File /Users/kumargaurav/anaconda3/lib/python3.8/site-packages/PIL/ImageFilter.py first seen with mtime 1656863189.9915576
File /Users/kumargaurav/anaconda3/lib/python3.8/site-packages/django/contrib/sites/admin.py first seen with mtime 1656863187.1710505
File /Users/kumargaurav/anaconda3/lib/python3.8/site-packages/django/db/backends/sqlite3/introspection.py first seen with mtime 1656863187.2990942
File /Users/kumargaurav/anaconda3/lib/python3.8/site-packages/django/utils/numberformat.py first seen with mtime 1656863187.3721085
File /Users/kumargaurav/anaconda3/lib/python3.8/codecs.py first seen with mtime 1599204245.0
File /Users/kumargaurav/anaconda3/lib/python3.8/site-packages/django/core/serializers/base.py first seen with mtime 1656863187.2760024
File /Users/kumargaurav/anaconda3/lib/python3.8/email/utils.py first seen with mtime 1599204247.0
File /Users/kumargaurav/anaconda3/lib/python3.8/lib-dynload/_queue.cpython-38-darwin.so first seen with mtime 1609992053.1008773
File /Users/kumargaurav/anaconda3/lib/python3.8/site-packages/django/db/migrations/operations/__init__.py first seen with mtime 1656863187.3071573
File /Users/kumargaurav/anaconda3/lib/python3.8/site-packages/cffi/lock.py first seen with mtime 1623663735.1009996
File /Users/kumargaurav/anaconda3/lib/python3.8/site-packages/django/utils/safestring.py first seen with mtime 1656863187.372675
File /Users/kumargaurav/anaconda3/lib/python3.8/site-packages/django/db/models/deletion.py first seen with mtime 1656863187.3107765
File /Users/kumargaurav/anaconda3/lib/python3.8/site-packages/django/core/files/storage.py first seen with mtime 1656863187.2611477
File /Users/kumargaurav/anaconda3/lib/python3.8/site-packages/zope/__init__.py first seen with mtime 1573662590.0
File /Users/kumargaurav/anaconda3/lib/python3.8/site-packages/django/db/backends/ddl_references.py first seen with mtime 1656863187.2791007
File /Users/kumargaurav/anaconda3/lib/python3.8/site-packages/django/middleware/csrf.py first seen with mtime 1656863187.344264
File /Users/kumargaurav/anaconda3/lib/python3.8/site-packages/PIL/_binary.py first seen with mtime 1656863190.008313
File /Users/kumargaurav/anaconda3/lib/python3.8/site-packages/django/views/decorators/debug.py first seen with mtime 1656863187.3799372
File /Users/kumargaurav/anaconda3/lib/python3.8/site-packages/django/contrib/admin/widgets.py first seen with mtime 1656863186.197417
File /Users/kumargaurav/anaconda3/lib/python3.8/site-packages/django/contrib/staticfiles/finders.py first seen with mtime 1656863187.2413893
File /Users/kumargaurav/anaconda3/lib/python3.8/getpass.py first seen with mtime 1599204245.0
File /Users/kumargaurav/anaconda3/lib/python3.8/site-packages/django/db/backends/base/features.py first seen with mtime 1656863187.2811306
File /Users/kumargaurav/anaconda3/lib/python3.8/site-packages/django/db/migrations/operations/special.py first seen with mtime 1656863187.3084476
File /Users/kumargaurav/anaconda3/lib/python3.8/site-packages/django/views/defaults.py first seen with mtime 1656863187.3780828
File /Users/kumargaurav/anaconda3/lib/python3.8/site-packages/sqlparse/filters/tokens.py first seen with mtime 1623663736.6605601
File /Users/kumargaurav/anaconda3/lib/python3.8/site-packages/cffi/model.py first seen with mtime 1623663735.09831
File /Users/kumargaurav/anaconda3/lib/python3.8/site-packages/django/forms/forms.py first seen with mtime 1656863187.3242166
File /Users/kumargaurav/anaconda3/lib/python3.8/site-packages/imagekit/cachefiles/backends.py first seen with mtime 1626098585.767985
File /Users/kumargaurav/anaconda3/lib/python3.8/site-packages/django/views/generic/dates.py first seen with mtime 1656863187.382044
File /Users/kumargaurav/anaconda3/lib/python3.8/email/_encoded_words.py first seen with mtime 1599204247.0
File /Users/kumargaurav/anaconda3/lib/python3.8/site-packages/imagekit/exceptions.py first seen with mtime 1626098585.7642179
File /Users/kumargaurav/anaconda3/lib/python3.8/site-packages/django/core/validators.py first seen with mtime 1656863187.2501771
File /Users/kumargaurav/anaconda3/lib/python3.8/lib-dynload/_hashlib.cpython-38-darwin.so first seen with mtime 1609992053.07915
File /Users/kumargaurav/anaconda3/lib/python3.8/site-packages/django/contrib/staticfiles/views.py first seen with mtime 1656863187.243497
File /Users/kumargaurav/anaconda3/lib/python3.8/site-packages/django/db/models/indexes.py first seen with mtime 1656863187.3115122
File /Users/kumargaurav/anaconda3/lib/python3.8/site-packages/django/db/migrations/operations/utils.py first seen with mtime 1656863187.3087158
File /Users/kumargaurav/anaconda3/lib/python3.8/site-packages/django/contrib/auth/admin.py first seen with mtime 1656863186.539457
File /Users/kumargaurav/anaconda3/lib/python3.8/_sitebuiltins.py first seen with mtime 1599204245.0
File /Users/kumargaurav/anaconda3/lib/python3.8/struct.py first seen with mtime 1599204245.0
File /Users/kumargaurav/anaconda3/lib/python3.8/site-packages/django/utils/termcolors.py first seen with mtime 1656863187.3733842
File /Users/kumargaurav/anaconda3/lib/python3.8/site-packages/pytz/tzinfo.py first seen with mtime 1656831261.218529
File /Users/kumargaurav/anaconda3/lib/python3.8/site-packages/django/contrib/admin/templatetags/admin_urls.py first seen with mtime 1656863186.4648027
File /Users/kumargaurav/anaconda3/lib/python3.8/site-packages/django/core/mail/message.py first seen with mtime 1656863187.264237
File /Users/kumargaurav/anaconda3/lib/python3.8/re.py first seen with mtime 1599204245.0
File /Users/kumargaurav/anaconda3/lib/python3.8/site-packages/django/views/generic/__init__.py first seen with mtime 1656863187.3812656
File /Users/kumargaurav/anaconda3/lib/python3.8/email/errors.py first seen with mtime 1599204247.0
File /Users/kumargaurav/anaconda3/lib/python3.8/wsgiref/handlers.py first seen with mtime 1599204248.0
File /Users/kumargaurav/anaconda3/lib/python3.8/site-packages/pilkit/__init__.py first seen with mtime 1626098585.7387028
File /Users/kumargaurav/anaconda3/lib/python3.8/urllib/request.py first seen with mtime 1599204248.0
File /Users/kumargaurav/anaconda3/lib/python3.8/site-packages/django/forms/models.py first seen with mtime 1656863187.3250144
File /Users/kumargaurav/anaconda3/lib/python3.8/site-packages/PIL/_imaging.cpython-38-darwin.so first seen with mtime 1656863190.0110095
File /Users/kumargaurav/anaconda3/lib/python3.8/site-packages/django/contrib/auth/base_user.py first seen with mtime 1656863186.540601
File /Users/kumargaurav/anaconda3/lib/python3.8/site-packages/django/db/backends/signals.py first seen with mtime 1656863187.2793524
File /Users/kumargaurav/anaconda3/lib/python3.8/site-packages/jinja2/visitor.py first seen with mtime 1588170723.0
File /Users/kumargaurav/anaconda3/lib/python3.8/site-packages/jinja2/_identifier.py first seen with mtime 1588170723.0
File /Users/kumargaurav/anaconda3/lib/python3.8/site-packages/sqlparse/filters/others.py first seen with mtime 1623663736.658973
File /Users/kumargaurav/anaconda3/lib/python3.8/_collections_abc.py first seen with mtime 1599204245.0
File /Users/kumargaurav/anaconda3/lib/python3.8/stat.py first seen with mtime 1599204245.0
File /Users/kumargaurav/anaconda3/lib/python3.8/urllib/__init__.py first seen with mtime 1599204248.0
File /Users/kumargaurav/anaconda3/lib/python3.8/site-packages/django/contrib/contenttypes/__init__.py first seen with mtime 1656863186.6254208
File /Users/kumargaurav/anaconda3/lib/python3.8/site-packages/django/db/models/functions/math.py first seen with mtime 1656863187.3184638
File /Users/kumargaurav/anaconda3/lib/python3.8/site-packages/django/utils/encoding.py first seen with mtime 1656863187.3677795
File /Users/kumargaurav/anaconda3/lib/python3.8/fnmatch.py first seen with mtime 1599204245.0
File /Users/kumargaurav/anaconda3/lib/python3.8/site-packages/django/dispatch/__init__.py first seen with mtime 1656863187.3223615
File /Users/kumargaurav/anaconda3/lib/python3.8/site-packages/jinja2/idtracking.py first seen with mtime 1588170723.0
File /Users/kumargaurav/anaconda3/lib/python3.8/lib-dynload/select.cpython-38-darwin.so first seen with mtime 1609992053.179391
File /Users/kumargaurav/anaconda3/lib/python3.8/site-packages/material/frontend/registry.py first seen with mtime 1626098585.1010919
File /Users/kumargaurav/anaconda3/lib/python3.8/site-packages/django/contrib/auth/decorators.py first seen with mtime 1656863186.5418005
File /Users/kumargaurav/anaconda3/lib/python3.8/html/__init__.py first seen with mtime 1599204247.0
File /Users/kumargaurav/anaconda3/lib/python3.8/site-packages/django/views/static.py first seen with mtime 1656863187.3786993
File /Users/kumargaurav/anaconda3/lib/python3.8/site-packages/django/db/backends/base/validation.py first seen with mtime 1656863187.2824912
File /Users/kumargaurav/anaconda3/lib/python3.8/posixpath.py first seen with mtime 1599204245.0
File /Users/kumargaurav/anaconda3/lib/python3.8/site-packages/django/db/models/fields/related_descriptors.py first seen with mtime 1656863187.3167522
File /Users/kumargaurav/anaconda3/lib/python3.8/site-packages/sqlparse/__init__.py first seen with mtime 1623663736.650793
File /Users/kumargaurav/Downloads/django-photo-gallery/django_photo_gallery/app/forms.py first seen with mtime 1656863103.840768
File /Users/kumargaurav/anaconda3/lib/python3.8/site-packages/pilkit/utils.py first seen with mtime 1626098585.7405007
File /Users/kumargaurav/anaconda3/lib/python3.8/cgi.py first seen with mtime 1599204245.0
File /Users/kumargaurav/anaconda3/lib/python3.8/site-packages/django/utils/translation/trans_null.py first seen with mtime 1656863187.3765454
File /Users/kumargaurav/anaconda3/lib/python3.8/site-packages/django/apps/__init__.py first seen with mtime 1656863186.0628345
File /Users/kumargaurav/anaconda3/lib/python3.8/selectors.py first seen with mtime 1599204245.0
File /Users/kumargaurav/anaconda3/lib/python3.8/site-packages/django/contrib/admin/checks.py first seen with mtime 1656863186.192815
File /Users/kumargaurav/anaconda3/lib/python3.8/gettext.py first seen with mtime 1599204245.0
File /Users/kumargaurav/anaconda3/lib/python3.8/urllib/parse.py first seen with mtime 1599204248.0
File /Users/kumargaurav/anaconda3/lib/python3.8/wsgiref/__init__.py first seen with mtime 1599204248.0
File /Users/kumargaurav/anaconda3/lib/python3.8/mimetypes.py first seen with mtime 1599204245.0
File /Users/kumargaurav/anaconda3/lib/python3.8/site-packages/django/contrib/sessions/__init__.py first seen with mtime 1656863187.084386
File /Users/kumargaurav/anaconda3/lib/python3.8/lib-dynload/_scproxy.cpython-38-darwin.so first seen with mtime 1609992053.1038852
File /Users/kumargaurav/anaconda3/lib/python3.8/site-packages/django/core/checks/database.py first seen with mtime 1656863187.2560685
File /Users/kumargaurav/anaconda3/lib/python3.8/email/mime/multipart.py first seen with mtime 1599204247.0
File /Users/kumargaurav/anaconda3/lib/python3.8/site-packages/django/utils/datastructures.py first seen with mtime 1656863187.3651142
File /Users/kumargaurav/anaconda3/lib/python3.8/site-packages/django/db/backends/sqlite3/operations.py first seen with mtime 1656863187.299665
File /Users/kumargaurav/anaconda3/lib/python3.8/site-packages/sqlparse/utils.py first seen with mtime 1623663736.6557996
File /Users/kumargaurav/anaconda3/lib/python3.8/signal.py first seen with mtime 1599204245.0
File /Users/kumargaurav/anaconda3/lib/python3.8/lib-dynload/_bisect.cpython-38-darwin.so first seen with mtime 1609992053.0296426
File /Users/kumargaurav/anaconda3/lib/python3.8/site-packages/django/template/engine.py first seen with mtime 1656863187.3497772
File /Users/kumargaurav/anaconda3/lib/python3.8/site-packages/jinja2/tests.py first seen with mtime 1588170723.0
File /Users/kumargaurav/anaconda3/lib/python3.8/site-packages/pilkit/processors/__init__.py first seen with mtime 1626098585.741042
File /Users/kumargaurav/anaconda3/lib/python3.8/site-packages/django/core/checks/registry.py first seen with mtime 1656863187.257016
File /Users/kumargaurav/anaconda3/lib/python3.8/hashlib.py first seen with mtime 1599204245.0
File /Users/kumargaurav/anaconda3/lib/python3.8/site-packages/django/core/files/temp.py first seen with mtime 1656863187.2614274
File /Users/kumargaurav/anaconda3/lib/python3.8/numbers.py first seen with mtime 1599204245.0
File /Users/kumargaurav/anaconda3/lib/python3.8/site-packages/jinja2/nodes.py first seen with mtime 1588170723.0
File /Users/kumargaurav/anaconda3/lib/python3.8/pathlib.py first seen with mtime 1599204245.0
File /Users/kumargaurav/anaconda3/lib/python3.8/email/_parseaddr.py first seen with mtime 1599204247.0
File /Users/kumargaurav/anaconda3/lib/python3.8/site-packages/imagekit/models/fields/__init__.py first seen with mtime 1626098585.765626
File /Users/kumargaurav/anaconda3/lib/python3.8/site-packages/django/contrib/staticfiles/apps.py first seen with mtime 1656863187.240847
File /Users/kumargaurav/anaconda3/lib/python3.8/difflib.py first seen with mtime 1599204245.0
File /Users/kumargaurav/anaconda3/lib/python3.8/reprlib.py first seen with mtime 1599204245.0
File /Users/kumargaurav/anaconda3/lib/python3.8/fractions.py first seen with mtime 1599204245.0
File /Users/kumargaurav/anaconda3/lib/python3.8/site-packages/sqlparse/tokens.py first seen with mtime 1623663736.6553562
File /Users/kumargaurav/anaconda3/lib/python3.8/site-packages/django/core/checks/model_checks.py first seen with mtime 1656863187.2567143
File /Users/kumargaurav/anaconda3/lib/python3.8/site-packages/django/utils/ipv6.py first seen with mtime 1656863187.3700705
File /Users/kumargaurav/anaconda3/lib/python3.8/_markupbase.py first seen with mtime 1599204245.0
File /Users/kumargaurav/anaconda3/lib/python3.8/site-packages/pilkit/pkgmeta.py first seen with mtime 1626098585.7399468
File /Users/kumargaurav/anaconda3/lib/python3.8/lzma.py first seen with mtime 1599204245.0
File /Users/kumargaurav/anaconda3/lib/python3.8/site-packages/django/contrib/auth/management/__init__.py first seen with mtime 1656863186.620827
File /Users/kumargaurav/anaconda3/lib/python3.8/site-packages/pilkit/processors/resize.py first seen with mtime 1626098585.7429533
File /Users/kumargaurav/anaconda3/lib/python3.8/site-packages/django/contrib/admin/templatetags/__init__.py first seen with mtime 1656863186.4634933
File /Users/kumargaurav/anaconda3/lib/python3.8/site-packages/django/shortcuts.py first seen with mtime 1656863186.0624306
File /Users/kumargaurav/anaconda3/lib/python3.8/site-packages/django/urls/base.py first seen with mtime 1656863187.361436
File /Users/kumargaurav/anaconda3/lib/python3.8/site-packages/pilkit/processors/utils.py first seen with mtime 1626098585.7434213
File /Users/kumargaurav/anaconda3/lib/python3.8/zipfile.py first seen with mtime 1599204245.0
File /Users/kumargaurav/anaconda3/lib/python3.8/uuid.py first seen with mtime 1599204245.0
File /Users/kumargaurav/anaconda3/lib/python3.8/site-packages/django/db/backends/base/schema.py first seen with mtime 1656863187.282228
File /Users/kumargaurav/anaconda3/lib/python3.8/site-packages/django/db/backends/sqlite3/base.py first seen with mtime 1656863187.2971776
File /Users/kumargaurav/anaconda3/lib/python3.8/site-packages/django/db/migrations/operations/models.py first seen with mtime 1656863187.3081517
File /Users/kumargaurav/anaconda3/lib/python3.8/site-packages/django/contrib/contenttypes/views.py first seen with mtime 1656863186.6273863
File /Users/kumargaurav/anaconda3/lib/python3.8/site-packages/django/templatetags/__init__.py first seen with mtime 1656863187.3560212
File /Users/kumargaurav/anaconda3/lib/python3.8/site-packages/pilkit/processors/crop.py first seen with mtime 1626098585.7420168
File /Users/kumargaurav/anaconda3/lib/python3.8/site-packages/sqlparse/filters/right_margin.py first seen with mtime 1623663736.6602042
File /Users/kumargaurav/anaconda3/lib/python3.8/site-packages/imagekit/models/fields/utils.py first seen with mtime 1626098585.7651038
File /Users/kumargaurav/anaconda3/lib/python3.8/wsgiref/headers.py first seen with mtime 1599204248.0
File /Users/kumargaurav/anaconda3/lib/python3.8/site-packages/django/db/backends/base/introspection.py first seen with mtime 1656863187.2814136
File /Users/kumargaurav/anaconda3/lib/python3.8/sqlite3/__init__.py first seen with mtime 1599204248.0
File /Users/kumargaurav/anaconda3/lib/python3.8/site-packages/django/http/response.py first seen with mtime 1656863187.3422375
File /Users/kumargaurav/anaconda3/lib/python3.8/site-packages/django/contrib/admin/decorators.py first seen with mtime 1656863186.1931021
File /Users/kumargaurav/anaconda3/lib/python3.8/site-packages/django/contrib/auth/password_validation.py first seen with mtime 1656863186.5443125
File /Users/kumargaurav/anaconda3/lib/python3.8/site-packages/django/contrib/messages/apps.py first seen with mtime 1656863186.9601607
File /Users/kumargaurav/anaconda3/lib/python3.8/site-packages/django/contrib/admin/views/__init__.py first seen with mtime 1656863186.4656017
File /Users/kumargaurav/anaconda3/lib/python3.8/site-packages/django/utils/_os.py first seen with mtime 1656863187.363339
File /Users/kumargaurav/anaconda3/lib/python3.8/site-packages/django/db/models/signals.py first seen with mtime 1656863187.3140674
File /Users/kumargaurav/anaconda3/lib/python3.8/site-packages/sqlparse/engine/statement_splitter.py first seen with mtime 1623663736.6574583
File /Users/kumargaurav/anaconda3/lib/python3.8/site-packages/django/contrib/admin/exceptions.py first seen with mtime 1656863186.1933753
File /Users/kumargaurav/anaconda3/lib/python3.8/abc.py first seen with mtime 1599204245.0
File /Users/kumargaurav/anaconda3/lib/python3.8/site-packages/django/templatetags/tz.py first seen with mtime 1656863187.3575988
File /Users/kumargaurav/anaconda3/lib/python3.8/importlib/abc.py first seen with mtime 1599204247.0
File /Users/kumargaurav/anaconda3/lib/python3.8/site-packages/django/utils/cache.py first seen with mtime 1656863187.364515
File /Users/kumargaurav/anaconda3/lib/python3.8/site-packages/django/utils/translation/__init__.py first seen with mtime 1656863187.3757668
File /Users/kumargaurav/anaconda3/lib/python3.8/site-packages/django/contrib/messages/storage/__init__.py first seen with mtime 1656863186.9619565
File /Users/kumargaurav/anaconda3/lib/python3.8/site-packages/django/db/models/lookups.py first seen with mtime 1656863187.311998
File /Users/kumargaurav/anaconda3/lib/python3.8/lib-dynload/_opcode.cpython-38-darwin.so first seen with mtime 1609992053.093472
File /Users/kumargaurav/anaconda3/lib/python3.8/site-packages/django/contrib/__init__.py first seen with mtime 1656863186.1913624
File /Users/kumargaurav/anaconda3/lib/python3.8/site-packages/django/contrib/admin/views/autocomplete.py first seen with mtime 1656863186.465898
File /Users/kumargaurav/anaconda3/lib/python3.8/email/mime/message.py first seen with mtime 1599204247.0
File /Users/kumargaurav/anaconda3/lib/python3.8/sre_parse.py first seen with mtime 1599204245.0
File /Users/kumargaurav/anaconda3/lib/python3.8/site-packages/django/core/files/base.py first seen with mtime 1656863187.2599628
File /Users/kumargaurav/anaconda3/lib/python3.8/site-packages/appconf/__init__.py first seen with mtime 1626098585.7273831
File /Users/kumargaurav/anaconda3/lib/python3.8/site-packages/imagekit/registry.py first seen with mtime 1626098585.7605567
File /Users/kumargaurav/anaconda3/lib/python3.8/site-packages/django/forms/utils.py first seen with mtime 1656863187.325554
File /Users/kumargaurav/anaconda3/lib/python3.8/site-packages/django/utils/functional.py first seen with mtime 1656863187.3686771
File /Users/kumargaurav/anaconda3/lib/python3.8/site-packages/imagekit/generatorlibrary.py first seen with mtime 1626098585.76211
File /Users/kumargaurav/anaconda3/lib/python3.8/site-packages/django/core/checks/caches.py first seen with mtime 1656863187.2557795
File /Users/kumargaurav/anaconda3/lib/python3.8/importlib/__init__.py first seen with mtime 1599204247.0
File /Users/kumargaurav/anaconda3/lib/python3.8/site-packages/jinja2/parser.py first seen with mtime 1588170723.0
File /Users/kumargaurav/anaconda3/lib/python3.8/lib-dynload/_sha3.cpython-38-darwin.so first seen with mtime 1609992053.1093435
File /Users/kumargaurav/Downloads/django-photo-gallery/django_photo_gallery/app/__init__.py first seen with mtime 1656863103.8404236
File /Users/kumargaurav/anaconda3/lib/python3.8/site-packages/PIL/ImageColor.py first seen with mtime 1656863189.9900901
File /Users/kumargaurav/anaconda3/lib/python3.8/site-packages/django/forms/widgets.py first seen with mtime 1656863187.3259459
File /Users/kumargaurav/anaconda3/lib/python3.8/types.py first seen with mtime 1599204245.0
File /Users/kumargaurav/anaconda3/lib/python3.8/email/header.py first seen with mtime 1599204247.0
File /Users/kumargaurav/anaconda3/lib/python3.8/lib-dynload/termios.cpython-38-darwin.so first seen with mtime 1609992053.1817415
File /Users/kumargaurav/anaconda3/lib/python3.8/warnings.py first seen with mtime 1599204245.0
File /Users/kumargaurav/anaconda3/lib/python3.8/site-packages/django/contrib/contenttypes/models.py first seen with mtime 1656863186.627123
File /Users/kumargaurav/anaconda3/lib/python3.8/datetime.py first seen with mtime 1599204245.0
File /Users/kumargaurav/anaconda3/lib/python3.8/site-packages/sqlparse/lexer.py first seen with mtime 1623663736.654422
File /Users/kumargaurav/anaconda3/lib/python3.8/genericpath.py first seen with mtime 1599204245.0
File /Users/kumargaurav/anaconda3/lib/python3.8/site-packages/appconf/utils.py first seen with mtime 1626098585.7282085
File /Users/kumargaurav/anaconda3/lib/python3.8/sre_compile.py first seen with mtime 1599204245.0
File /Users/kumargaurav/anaconda3/lib/python3.8/site-packages/django/db/models/functions/datetime.py first seen with mtime 1656863187.3181956
File /Users/kumargaurav/anaconda3/lib/python3.8/site-packages/django/db/models/fields/related.py first seen with mtime 1656863187.3163087
File /Users/kumargaurav/anaconda3/lib/python3.8/tokenize.py first seen with mtime 1599204245.0
File /Users/kumargaurav/anaconda3/lib/python3.8/lib-dynload/_sha512.cpython-38-darwin.so first seen with mtime 1609992053.1110911
File /Users/kumargaurav/anaconda3/lib/python3.8/site-packages/django/core/files/images.py first seen with mtime 1656863187.2602384
File /Users/kumargaurav/anaconda3/lib/python3.8/json/encoder.py first seen with mtime 1599204247.0
File /Users/kumargaurav/anaconda3/lib/python3.8/site-packages/django/utils/dateformat.py first seen with mtime 1656863187.3655515
File /Users/kumargaurav/anaconda3/lib/python3.8/site-packages/imagekit/pkgmeta.py first seen with mtime 1626098585.7627938
File /Users/kumargaurav/anaconda3/lib/python3.8/ast.py first seen with mtime 1599204245.0
File /Users/kumargaurav/anaconda3/lib/python3.8/email/encoders.py first seen with mtime 1599204247.0
File /Users/kumargaurav/anaconda3/lib/python3.8/email/charset.py first seen with mtime 1599204247.0
File /Users/kumargaurav/anaconda3/lib/python3.8/site-packages/pilkit/processors/overlay.py first seen with mtime 1626098585.7424483
File /Users/kumargaurav/anaconda3/lib/python3.8/site-packages/django/views/__init__.py first seen with mtime 1656863187.3771994
File /Users/kumargaurav/anaconda3/lib/python3.8/copy.py first seen with mtime 1599204245.0
File /Users/kumargaurav/anaconda3/lib/python3.8/encodings/aliases.py first seen with mtime 1599204247.0
File /Users/kumargaurav/anaconda3/lib/python3.8/io.py first seen with mtime 1599204245.0
File /Users/kumargaurav/anaconda3/lib/python3.8/site-packages/django/utils/decorators.py first seen with mtime 1656863187.3669143
File /Users/kumargaurav/anaconda3/lib/python3.8/site-packages/django/template/context.py first seen with mtime 1656863187.3475146
File /Users/kumargaurav/anaconda3/lib/python3.8/copyreg.py first seen with mtime 1599204245.0
File /Users/kumargaurav/anaconda3/lib/python3.8/email/mime/__init__.py first seen with mtime 1599204247.0
File /Users/kumargaurav/anaconda3/lib/python3.8/bisect.py first seen with mtime 1599204245.0
File /Users/kumargaurav/anaconda3/lib/python3.8/site-packages/PIL/ImageEnhance.py first seen with mtime 1656863189.9909093
File /Users/kumargaurav/anaconda3/lib/python3.8/site-packages/django/db/models/functions/text.py first seen with mtime 1656863187.3190813
File /Users/kumargaurav/anaconda3/lib/python3.8/site-packages/django/core/checks/messages.py first seen with mtime 1656863187.256402
File /Users/kumargaurav/anaconda3/lib/python3.8/site-packages/django/contrib/auth/tokens.py first seen with mtime 1656863186.5451179
File /Users/kumargaurav/anaconda3/lib/python3.8/lib-dynload/zlib.cpython-38-darwin.so first seen with mtime 1609992053.192028
File /Users/kumargaurav/anaconda3/lib/python3.8/site-packages/django/urls/resolvers.py first seen with mtime 1656863187.3625906
File /Users/kumargaurav/anaconda3/lib/python3.8/site-packages/PIL/_util.py first seen with mtime 1656863190.0142617
File /Users/kumargaurav/anaconda3/lib/python3.8/_weakrefset.py first seen with mtime 1599204245.0
File /Users/kumargaurav/anaconda3/lib/python3.8/site-packages/django/contrib/sessions/models.py first seen with mtime 1656863187.0859904
File /Users/kumargaurav/anaconda3/lib/python3.8/site-packages/django/contrib/sitemaps/apps.py first seen with mtime 1656863187.1693397
File /Users/kumargaurav/anaconda3/lib/python3.8/site-packages/django/core/cache/__init__.py first seen with mtime 1656863187.2512715
File /Users/kumargaurav/anaconda3/lib/python3.8/site-packages/django/utils/autoreload.py first seen with mtime 1656863187.3639517
File /Users/kumargaurav/anaconda3/lib/python3.8/hmac.py first seen with mtime 1599204245.0
File /Users/kumargaurav/anaconda3/lib/python3.8/site-packages/jinja2/exceptions.py first seen with mtime 1588170723.0
File /Users/kumargaurav/anaconda3/lib/python3.8/site-packages/material/admin/__init__.py first seen with mtime 1626098585.1174262
File /Users/kumargaurav/anaconda3/lib/python3.8/site-packages/django/contrib/contenttypes/apps.py first seen with mtime 1656863186.6259055
File /Users/kumargaurav/anaconda3/lib/python3.8/site-packages/django/template/backends/django.py first seen with mtime 1656863187.3530047
File /Users/kumargaurav/anaconda3/lib/python3.8/site-packages/sqlparse/engine/grouping.py first seen with mtime 1623663736.6570537
File /Users/kumargaurav/anaconda3/lib/python3.8/site-packages/django/db/backends/sqlite3/client.py first seen with mtime 1656863187.2976265
File /Users/kumargaurav/anaconda3/lib/python3.8/urllib/error.py first seen with mtime 1599204248.0
File /Users/kumargaurav/anaconda3/lib/python3.8/site-packages/django/core/serializers/__init__.py first seen with mtime 1656863187.2757099
File /Users/kumargaurav/anaconda3/lib/python3.8/site-packages/django/db/backends/base/operations.py first seen with mtime 1656863187.2817767
File /Users/kumargaurav/anaconda3/lib/python3.8/site-packages/django/template/backends/base.py first seen with mtime 1656863187.3526795
File /Users/kumargaurav/anaconda3/lib/python3.8/wsgiref/simple_server.py first seen with mtime 1599204248.0
File /Users/kumargaurav/anaconda3/lib/python3.8/lib-dynload/_blake2.cpython-38-darwin.so first seen with mtime 1609992053.0316203
File /Users/kumargaurav/anaconda3/lib/python3.8/site-packages/markupsafe/_compat.py first seen with mtime 1594371725.0
File /Users/kumargaurav/anaconda3/lib/python3.8/site-packages/django/core/exceptions.py first seen with mtime 1656863187.24822
File /Users/kumargaurav/anaconda3/lib/python3.8/site-packages/material/frontend/__init__.py first seen with mtime 1626098585.1035662
File /Users/kumargaurav/anaconda3/lib/python3.8/contextlib.py first seen with mtime 1599204245.0
File /Users/kumargaurav/anaconda3/lib/python3.8/site-packages/django/core/checks/security/sessions.py first seen with mtime 1656863187.259339
File /Users/kumargaurav/anaconda3/lib/python3.8/lib-dynload/math.cpython-38-darwin.so first seen with mtime 1609992053.160259
File /Users/kumargaurav/anaconda3/lib/python3.8/opcode.py first seen with mtime 1599204245.0
File /Users/kumargaurav/anaconda3/lib/python3.8/site-packages/sqlparse/filters/reindent.py first seen with mtime 1623663736.6598423
File /Users/kumargaurav/anaconda3/lib/python3.8/site-packages/django/core/cache/utils.py first seen with mtime 1656863187.2517703
File /Users/kumargaurav/anaconda3/lib/python3.8/site-packages/django/db/migrations/state.py first seen with mtime 1656863187.306191
File /Users/kumargaurav/anaconda3/lib/python3.8/site-packages/django/db/transaction.py first seen with mtime 1656863187.278306
File /Users/kumargaurav/anaconda3/lib/python3.8/random.py first seen with mtime 1599204245.0
File /Users/kumargaurav/anaconda3/lib/python3.8/site-packages/django/views/generic/list.py first seen with mtime 1656863187.3829615
File /Users/kumargaurav/anaconda3/lib/python3.8/site-packages/jinja2/runtime.py first seen with mtime 1588170723.0
File /Users/kumargaurav/anaconda3/lib/python3.8/site-packages/django/contrib/contenttypes/management/__init__.py first seen with mtime 1656863186.6854203
File /Users/kumargaurav/anaconda3/lib/python3.8/lib-dynload/_random.cpython-38-darwin.so first seen with mtime 1609992053.1022635
File /Users/kumargaurav/anaconda3/lib/python3.8/site-packages/django/core/handlers/wsgi.py first seen with mtime 1656863187.2635317
File /Users/kumargaurav/anaconda3/lib/python3.8/site-packages/PIL/ImageChops.py first seen with mtime 1656863189.9894192
File /Users/kumargaurav/Downloads/django-photo-gallery/django_photo_gallery/app/views.py first seen with mtime 1656863103.9598546
File /Users/kumargaurav/anaconda3/lib/python3.8/site-packages/django/core/handlers/exception.py first seen with mtime 1656863187.2632022
File /Users/kumargaurav/anaconda3/lib/python3.8/site-packages/django/core/files/uploadedfile.py first seen with mtime 1656863187.2617104
File /Users/kumargaurav/anaconda3/lib/python3.8/site-packages/django/contrib/auth/forms.py first seen with mtime 1656863186.5421114
File /Users/kumargaurav/anaconda3/lib/python3.8/site-packages/django/utils/duration.py first seen with mtime 1656863187.367495
File /Users/kumargaurav/anaconda3/lib/python3.8/site-packages/django/core/management/commands/runserver.py first seen with mtime 1656863187.2724538
File /Users/kumargaurav/anaconda3/lib/python3.8/lib-dynload/_uuid.cpython-38-darwin.so first seen with mtime 1609992053.1443713
File /Users/kumargaurav/anaconda3/lib/python3.8/site-packages/sqlparse/formatter.py first seen with mtime 1623663736.6533787
File /Users/kumargaurav/anaconda3/lib/python3.8/site-packages/django/db/models/query_utils.py first seen with mtime 1656863187.3137445
File /Users/kumargaurav/anaconda3/lib/python3.8/logging/config.py first seen with mtime 1599204248.0
File /Users/kumargaurav/anaconda3/lib/python3.8/site-packages/django/utils/itercompat.py first seen with mtime 1656863187.3703177
File /Users/kumargaurav/anaconda3/lib/python3.8/site-packages/django/urls/exceptions.py first seen with mtime 1656863187.3622246
File /Users/kumargaurav/anaconda3/lib/python3.8/site-packages/django/db/backends/base/base.py first seen with mtime 1656863187.280209
File /Users/kumargaurav/anaconda3/lib/python3.8/importlib/util.py first seen with mtime 1599204247.0
File /Users/kumargaurav/anaconda3/lib/python3.8/site-packages/django/contrib/staticfiles/checks.py first seen with mtime 1656863187.2410948
File /Users/kumargaurav/anaconda3/lib/python3.8/http/cookies.py first seen with mtime 1599204248.0
File /Users/kumargaurav/anaconda3/lib/python3.8/json/decoder.py first seen with mtime 1599204247.0
File /Users/kumargaurav/anaconda3/lib/python3.8/site-packages/django/core/checks/__init__.py first seen with mtime 1656863187.2554827
File /Users/kumargaurav/anaconda3/lib/python3.8/site-packages/django/utils/dates.py first seen with mtime 1656863187.3661177
File /Users/kumargaurav/anaconda3/lib/python3.8/site-packages/jinja2/environment.py first seen with mtime 1588170723.0
File /Users/kumargaurav/anaconda3/lib/python3.8/site-packages/django/conf/locale/__init__.py first seen with mtime 1656863186.0682697
File /Users/kumargaurav/anaconda3/lib/python3.8/site-packages/pytz/tzfile.py first seen with mtime 1656831261.218095
File /Users/kumargaurav/anaconda3/lib/python3.8/site-packages/django/forms/fields.py first seen with mtime 1656863187.3238728
File /Users/kumargaurav/anaconda3/lib/python3.8/site-packages/six.py first seen with mtime 1625146250.8856785
File /Users/kumargaurav/anaconda3/lib/python3.8/site-packages/django/utils/__init__.py first seen with mtime 1656863187.3630707
File /Users/kumargaurav/anaconda3/lib/python3.8/decimal.py first seen with mtime 1599204245.0
File /Users/kumargaurav/anaconda3/lib/python3.8/site-packages/material/base.py first seen with mtime 1626098585.0896406
File /Users/kumargaurav/anaconda3/lib/python3.8/ssl.py first seen with mtime 1599204245.0
File /Users/kumargaurav/anaconda3/lib/python3.8/http/client.py first seen with mtime 1599204248.0
File /Users/kumargaurav/anaconda3/lib/python3.8/site-packages/jinja2/compiler.py first seen with mtime 1588170723.0
File /Users/kumargaurav/anaconda3/lib/python3.8/site-packages/django/utils/version.py first seen with mtime 1656863187.375071
File /Users/kumargaurav/anaconda3/lib/python3.8/site-packages/django/templatetags/l10n.py first seen with mtime 1656863187.3569846
File /Users/kumargaurav/anaconda3/lib/python3.8/site-packages/django/db/models/aggregates.py first seen with mtime 1656863187.3093197
File /Users/kumargaurav/anaconda3/lib/python3.8/site-packages/imagekit/conf.py first seen with mtime 1626098585.7608285
File /Users/kumargaurav/anaconda3/lib/python3.8/lib-dynload/_struct.cpython-38-darwin.so first seen with mtime 1609992053.12792
File /Users/kumargaurav/anaconda3/lib/python3.8/site-packages/sqlparse/filters/output.py first seen with mtime 1623663736.6594193
File /Users/kumargaurav/anaconda3/lib/python3.8/tempfile.py first seen with mtime 1599204245.0
File /Users/kumargaurav/anaconda3/lib/python3.8/site-packages/django/core/mail/__init__.py first seen with mtime 1656863187.2638836
File /Users/kumargaurav/anaconda3/lib/python3.8/site-packages/jinja2/__init__.py first seen with mtime 1588170723.0
File /Users/kumargaurav/anaconda3/lib/python3.8/site-packages/PIL/ImageStat.py first seen with mtime 1656863189.9951367
File /Users/kumargaurav/Downloads/django-photo-gallery/django_photo_gallery/app/models.py first seen with mtime 1656863103.8414335
File /Users/kumargaurav/anaconda3/lib/python3.8/dis.py first seen with mtime 1599204245.0
File /Users/kumargaurav/anaconda3/lib/python3.8/socketserver.py first seen with mtime 1599204245.0
File /Users/kumargaurav/anaconda3/lib/python3.8/site-packages/django/db/models/fields/related_lookups.py first seen with mtime 1656863187.317036
File /Users/kumargaurav/anaconda3/lib/python3.8/site-packages/sqlparse/cli.py first seen with mtime 1623663736.6517096
File /Users/kumargaurav/anaconda3/lib/python3.8/site-packages/markupsafe/_native.py first seen with mtime 1594371725.0
File /Users/kumargaurav/anaconda3/lib/python3.8/site-packages/django/views/generic/detail.py first seen with mtime 1656863187.3823452
File /Users/kumargaurav/anaconda3/lib/python3.8/site-packages/django/forms/formsets.py first seen with mtime 1656863187.3245418
File /Users/kumargaurav/anaconda3/lib/python3.8/functools.py first seen with mtime 1599204245.0
File /Users/kumargaurav/anaconda3/lib/python3.8/site-packages/django/core/checks/security/__init__.py first seen with mtime 1656863187.258435
File /Users/kumargaurav/anaconda3/lib/python3.8/site-packages/django/core/__init__.py first seen with mtime 1656863187.2477157
File /Users/kumargaurav/anaconda3/lib/python3.8/site-packages/django/http/multipartparser.py first seen with mtime 1656863187.3415074
File /Users/kumargaurav/anaconda3/lib/python3.8/email/_header_value_parser.py first seen with mtime 1599204247.0
File /Users/kumargaurav/anaconda3/lib/python3.8/site-packages/django/urls/conf.py first seen with mtime 1656863187.3617117
File /Users/kumargaurav/anaconda3/lib/python3.8/email/parser.py first seen with mtime 1599204247.0
File /Users/kumargaurav/anaconda3/lib/python3.8/socket.py first seen with mtime 1599204245.0
File /Users/kumargaurav/anaconda3/lib/python3.8/site-packages/django/db/backends/sqlite3/creation.py first seen with mtime 1656863187.298047
File /Users/kumargaurav/anaconda3/lib/python3.8/site-packages/django/views/decorators/__init__.py first seen with mtime 1656863187.3789105
File /Users/kumargaurav/anaconda3/lib/python3.8/email/quoprimime.py first seen with mtime 1599204247.0
File /Users/kumargaurav/anaconda3/lib/python3.8/operator.py first seen with mtime 1599204245.0
File /Users/kumargaurav/anaconda3/lib/python3.8/site-packages/django/core/serializers/json.py first seen with mtime 1656863187.2762637
File /Users/kumargaurav/anaconda3/lib/python3.8/site.py first seen with mtime 1599204245.0
File /Users/kumargaurav/anaconda3/lib/python3.8/statistics.py first seen with mtime 1599204245.0
File /Users/kumargaurav/anaconda3/lib/python3.8/site-packages/PIL/ImageFile.py first seen with mtime 1656863189.9912372
File /Users/kumargaurav/anaconda3/lib/python3.8/lib-dynload/_decimal.cpython-38-darwin.so first seen with mtime 1609992053.0703647
File /Users/kumargaurav/anaconda3/lib/python3.8/site-packages/django/core/mail/utils.py first seen with mtime 1656863187.2645319
File /Users/kumargaurav/anaconda3/lib/python3.8/site-packages/jinja2/_compat.py first seen with mtime 1588170723.0
File /Users/kumargaurav/anaconda3/lib/python3.8/site-packages/django/__init__.py first seen with mtime 1656863186.0615556
File /Users/kumargaurav/anaconda3/lib/python3.8/site-packages/imagekit/__init__.py first seen with mtime 1626098585.7635424
File /Users/kumargaurav/anaconda3/lib/python3.8/site-packages/django/core/management/base.py first seen with mtime 1656863187.2673862
File /Users/kumargaurav/anaconda3/lib/python3.8/lib-dynload/_lzma.cpython-38-darwin.so first seen with mtime 1609992053.087338
File /Users/kumargaurav/anaconda3/lib/python3.8/site-packages/django/contrib/sites/__init__.py first seen with mtime 1656863187.1708045
File /Users/kumargaurav/anaconda3/lib/python3.8/subprocess.py first seen with mtime 1599204245.0
File /Users/kumargaurav/anaconda3/lib/python3.8/site-packages/django/db/models/fields/files.py first seen with mtime 1656863187.3152933
File /Users/kumargaurav/anaconda3/lib/python3.8/http/server.py first seen with mtime 1599204248.0
File /Users/kumargaurav/anaconda3/lib/python3.8/argparse.py first seen with mtime 1599204245.0
File /Users/kumargaurav/anaconda3/lib/python3.8/lib-dynload/binascii.cpython-38-darwin.so first seen with mtime 1609992053.153394
File /Users/kumargaurav/anaconda3/lib/python3.8/site-packages/django/core/checks/security/csrf.py first seen with mtime 1656863187.2589974
File /Users/kumargaurav/anaconda3/lib/python3.8/site-packages/django/utils/six.py first seen with mtime 1656863187.373096
File /Users/kumargaurav/anaconda3/lib/python3.8/site-packages/jinja2/defaults.py first seen with mtime 1588170723.0
File /Users/kumargaurav/anaconda3/lib/python3.8/site-packages/django/contrib/auth/signals.py first seen with mtime 1656863186.5447044
File /Users/kumargaurav/anaconda3/lib/python3.8/threading.py first seen with mtime 1599204245.0
File /Users/kumargaurav/anaconda3/lib/python3.8/site-packages/django/contrib/sessions/base_session.py first seen with mtime 1656863187.0849342
File /Users/kumargaurav/anaconda3/lib/python3.8/site-packages/django/views/decorators/csrf.py first seen with mtime 1656863187.3796766
File /Users/kumargaurav/anaconda3/lib/python3.8/site-packages/django/urls/__init__.py first seen with mtime 1656863187.361136
File /Users/kumargaurav/anaconda3/lib/python3.8/lib-dynload/unicodedata.cpython-38-darwin.so first seen with mtime 1609992053.1852992
File /Users/kumargaurav/anaconda3/lib/python3.8/site-packages/django/db/backends/sqlite3/__init__.py first seen with mtime 1656863187.296581
File /Users/kumargaurav/anaconda3/lib/python3.8/site-packages/django/db/backends/sqlite3/features.py first seen with mtime 1656863187.2984967
File /Users/kumargaurav/anaconda3/lib/python3.8/site-packages/imagekit/utils.py first seen with mtime 1626098585.7611477
File /Users/kumargaurav/anaconda3/lib/python3.8/site-packages/django/db/backends/base/client.py first seen with mtime 1656863187.2804601
File /Users/kumargaurav/anaconda3/lib/python3.8/site-packages/imagekit/cachefiles/strategies.py first seen with mtime 1626098585.7672086
File /Users/kumargaurav/anaconda3/lib/python3.8/string.py first seen with mtime 1599204245.0
File /Users/kumargaurav/anaconda3/lib/python3.8/heapq.py first seen with mtime 1599204245.0
File /Users/kumargaurav/anaconda3/lib/python3.8/site-packages/django/utils/hashable.py first seen with mtime 1656863187.3689222
File /Users/kumargaurav/anaconda3/lib/python3.8/logging/handlers.py first seen with mtime 1599204248.0
File /Users/kumargaurav/anaconda3/lib/python3.8/site-packages/django/template/response.py first seen with mtime 1656863187.3514664
File /Users/kumargaurav/anaconda3/lib/python3.8/site-packages/django/contrib/auth/__init__.py first seen with mtime 1656863186.5391645
File /Users/kumargaurav/anaconda3/lib/python3.8/site-packages/sqlparse/engine/__init__.py first seen with mtime 1623663736.6562643
File /Users/kumargaurav/anaconda3/lib/python3.8/email/policy.py first seen with mtime 1599204247.0
File /Users/kumargaurav/anaconda3/lib/python3.8/uu.py first seen with mtime 1599204245.0
File /Users/kumargaurav/anaconda3/lib/python3.8/email/iterators.py first seen with mtime 1599204247.0
File /Users/kumargaurav/anaconda3/lib/python3.8/site-packages/django/db/migrations/operations/fields.py first seen with mtime 1656863187.3077788
File /Users/kumargaurav/anaconda3/lib/python3.8/pkgutil.py first seen with mtime 1599204245.0
File /Users/kumargaurav/anaconda3/lib/python3.8/site-packages/django/contrib/contenttypes/checks.py first seen with mtime 1656863186.6261482
File /Users/kumargaurav/anaconda3/lib/python3.8/email/mime/nonmultipart.py first seen with mtime 1599204247.0
File /Users/kumargaurav/anaconda3/lib/python3.8/site-packages/pilkit/lib.py first seen with mtime 1626098585.739557
File /Users/kumargaurav/anaconda3/lib/python3.8/site-packages/django/core/files/__init__.py first seen with mtime 1656863187.2596848
File /Users/kumargaurav/anaconda3/lib/python3.8/site-packages/django/urls/utils.py first seen with mtime 1656863187.3628566
File /Users/kumargaurav/anaconda3/lib/python3.8/quopri.py first seen with mtime 1599204245.0
File /Users/kumargaurav/anaconda3/lib/python3.8/site-packages/material/templatetags/__init__.py first seen with mtime 1626098585.0913944
File /Users/kumargaurav/anaconda3/lib/python3.8/site-packages/material/admin/apps.py first seen with mtime 1626098585.1171448
File /Users/kumargaurav/anaconda3/lib/python3.8/site-packages/django/utils/topological_sort.py first seen with mtime 1656863187.3745382
File /Users/kumargaurav/anaconda3/lib/python3.8/site-packages/django/utils/dateparse.py first seen with mtime 1656863187.3658462
File /Users/kumargaurav/anaconda3/lib/python3.8/calendar.py first seen with mtime 1599204245.0
File /Users/kumargaurav/anaconda3/lib/python3.8/site-packages/django/core/handlers/base.py first seen with mtime 1656863187.262814
File /Users/kumargaurav/anaconda3/lib/python3.8/lib-dynload/_statistics.cpython-38-darwin.so first seen with mtime 1609992053.1252322
File /Users/kumargaurav/anaconda3/lib/python3.8/site-packages/material/frontend/apps.py first seen with mtime 1626098585.1032364
File /Users/kumargaurav/anaconda3/lib/python3.8/sqlite3/dbapi2.py first seen with mtime 1599204248.0
File /Users/kumargaurav/anaconda3/lib/python3.8/site-packages/django/utils/module_loading.py first seen with mtime 1656863187.3718455
File /Users/kumargaurav/anaconda3/lib/python3.8/wsgiref/util.py first seen with mtime 1599204248.0
File /Users/kumargaurav/anaconda3/lib/python3.8/json/scanner.py first seen with mtime 1599204247.0
File /Users/kumargaurav/anaconda3/lib/python3.8/site-packages/django/db/migrations/exceptions.py first seen with mtime 1656863187.3019793
File /Users/kumargaurav/anaconda3/lib/python3.8/site-packages/django/views/decorators/cache.py first seen with mtime 1656863187.3791852
File /Users/kumargaurav/anaconda3/lib/python3.8/site-packages/django/core/signing.py first seen with mtime 1656863187.249597
File /Users/kumargaurav/anaconda3/lib/python3.8/site-packages/django/utils/deprecation.py first seen with mtime 1656863187.367236
File /Users/kumargaurav/anaconda3/lib/python3.8/logging/__init__.py first seen with mtime 1599204248.0
File /Users/kumargaurav/anaconda3/lib/python3.8/email/message.py first seen with mtime 1599204247.0
File /Users/kumargaurav/anaconda3/lib/python3.8/email/feedparser.py first seen with mtime 1599204247.0
File /Users/kumargaurav/anaconda3/lib/python3.8/site-packages/django/contrib/admin/options.py first seen with mtime 1656863186.195401
File /Users/kumargaurav/anaconda3/lib/python3.8/sre_constants.py first seen with mtime 1599204245.0
File /Users/kumargaurav/anaconda3/lib/python3.8/site-packages/django/contrib/admin/actions.py first seen with mtime 1656863186.1919594
File /Users/kumargaurav/anaconda3/lib/python3.8/site-packages/django/contrib/contenttypes/admin.py first seen with mtime 1656863186.6256688
File /Users/kumargaurav/anaconda3/lib/python3.8/site-packages/django/db/models/base.py first seen with mtime 1656863187.3098752
File /Users/kumargaurav/anaconda3/lib/python3.8/encodings/latin_1.py first seen with mtime 1599204247.0
File /Users/kumargaurav/anaconda3/lib/python3.8/site-packages/cffi/__init__.py first seen with mtime 1623663735.0961301
File /Users/kumargaurav/anaconda3/lib/python3.8/site-packages/django/db/models/functions/window.py first seen with mtime 1656863187.3193421
File /Users/kumargaurav/anaconda3/lib/python3.8/site-packages/django/db/models/sql/datastructures.py first seen with mtime 1656863187.3207273
File /Users/kumargaurav/anaconda3/lib/python3.8/lib-dynload/grp.cpython-38-darwin.so first seen with mtime 1609992053.1582823
File /Users/kumargaurav/anaconda3/lib/python3.8/site-packages/markupsafe/__init__.py first seen with mtime 1594371725.0
File /Users/kumargaurav/anaconda3/lib/python3.8/__future__.py first seen with mtime 1599204245.0
File /Users/kumargaurav/anaconda3/lib/python3.8/enum.py first seen with mtime 1599204245.0
File /Users/kumargaurav/anaconda3/lib/python3.8/site-packages/django/contrib/contenttypes/fields.py first seen with mtime 1656863186.6265402
File /Users/kumargaurav/anaconda3/lib/python3.8/site-packages/PIL/ImageDraw.py first seen with mtime 1656863189.9903934
File /Users/kumargaurav/anaconda3/lib/python3.8/http/__init__.py first seen with mtime 1599204248.0
File /Users/kumargaurav/anaconda3/lib/python3.8/site-packages/django/contrib/staticfiles/management/commands/runserver.py first seen with mtime 1656863187.245006
File /Users/kumargaurav/anaconda3/lib/python3.8/site-packages/django/contrib/staticfiles/__init__.py first seen with mtime 1656863187.240598
File /Users/kumargaurav/anaconda3/lib/python3.8/collections/__init__.py first seen with mtime 1599204247.0
File /Users/kumargaurav/anaconda3/lib/python3.8/queue.py first seen with mtime 1599204245.0
File /Users/kumargaurav/anaconda3/lib/python3.8/site-packages/django/core/management/color.py first seen with mtime 1656863187.2676766
File /Users/kumargaurav/anaconda3/lib/python3.8/_bootlocale.py first seen with mtime 1599204245.0
File /Users/kumargaurav/anaconda3/lib/python3.8/email/base64mime.py first seen with mtime 1599204247.0
File /Users/kumargaurav/anaconda3/lib/python3.8/site-packages/django/http/request.py first seen with mtime 1656863187.3418536
File /Users/kumargaurav/anaconda3/lib/python3.8/site-packages/django/utils/http.py first seen with mtime 1656863187.3695476
File /Users/kumargaurav/anaconda3/lib/python3.8/site-packages/django/core/serializers/python.py first seen with mtime 1656863187.2765334
File /Users/kumargaurav/anaconda3/lib/python3.8/site-packages/pilkit/exceptions.py first seen with mtime 1626098585.7391326
File /Users/kumargaurav/anaconda3/lib/python3.8/site-packages/django/template/loader.py first seen with mtime 1656863187.3508198
File /Users/kumargaurav/anaconda3/lib/python3.8/site-packages/django/db/models/functions/comparison.py first seen with mtime 1656863187.317909
File /Users/kumargaurav/anaconda3/lib/python3.8/site-packages/sqlparse/filters/aligned_indent.py first seen with mtime 1623663736.658525
File /Users/kumargaurav/anaconda3/lib/python3.8/site-packages/django/utils/log.py first seen with mtime 1656863187.3708866
File /Users/kumargaurav/anaconda3/lib/python3.8/site-packages/django/db/models/sql/subqueries.py first seen with mtime 1656863187.3217545
File /Users/kumargaurav/anaconda3/lib/python3.8/site-packages/django/http/__init__.py first seen with mtime 1656863187.3409083
File /Users/kumargaurav/anaconda3/lib/python3.8/site-packages/django/template/base.py first seen with mtime 1656863187.3470266
File /Users/kumargaurav/anaconda3/lib/python3.8/site-packages/django/template/defaultfilters.py first seen with mtime 1656863187.348596
File /Users/kumargaurav/anaconda3/lib/python3.8/platform.py first seen with mtime 1599204245.0
File /Users/kumargaurav/anaconda3/lib/python3.8/site-packages/django/contrib/auth/views.py first seen with mtime 1656863186.546351
File /Users/kumargaurav/anaconda3/lib/python3.8/urllib/response.py first seen with mtime 1599204248.0
File /Users/kumargaurav/anaconda3/lib/python3.8/site-packages/django/contrib/auth/migrations/0008_alter_user_username_max_length.py first seen with mtime 1656863186.6235325
File /Users/kumargaurav/anaconda3/lib/python3.8/site-packages/django/contrib/sessions/backends/db.py first seen with mtime 1656863187.0878499
File /Users/kumargaurav/anaconda3/lib/python3.8/site-packages/material/frontend/middleware.py first seen with mtime 1626098585.1039236
File /Users/kumargaurav/anaconda3/lib/python3.8/stringprep.py first seen with mtime 1599204245.0
File /Users/kumargaurav/anaconda3/lib/python3.8/site-packages/django/contrib/contenttypes/migrations/0001_initial.py first seen with mtime 1656863186.68603
File /Users/kumargaurav/anaconda3/lib/python3.8/site-packages/django/contrib/admin/templatetags/log.py first seen with mtime 1656863186.4653676
File /Users/kumargaurav/anaconda3/lib/python3.8/site-packages/django/contrib/sessions/backends/base.py first seen with mtime 1656863187.0869184
File /Users/kumargaurav/anaconda3/lib/python3.8/site-packages/django/contrib/admin/migrations/0002_logentry_remove_auto_add.py first seen with mtime 1656863186.391608
File /Users/kumargaurav/Downloads/django-photo-gallery/django_photo_gallery/app/migrations/0002_auto_20180406_2214.py first seen with mtime 1656863103.841178
File /Users/kumargaurav/anaconda3/lib/python3.8/encodings/idna.py first seen with mtime 1599204247.0
File /Users/kumargaurav/anaconda3/lib/python3.8/site-packages/django/contrib/sites/migrations/0001_initial.py first seen with mtime 1656863187.2398512
File /Users/kumargaurav/anaconda3/lib/python3.8/site-packages/django/contrib/auth/migrations/0006_require_contenttypes_0002.py first seen with mtime 1656863186.6230555
File /Users/kumargaurav/anaconda3/lib/python3.8/site-packages/django/contrib/sessions/middleware.py first seen with mtime 1656863187.085651
File /Users/kumargaurav/anaconda3/lib/python3.8/site-packages/django/contrib/admin/migrations/0001_initial.py first seen with mtime 1656863186.391311
File /Users/kumargaurav/anaconda3/lib/python3.8/site-packages/django/contrib/admin/templatetags/base.py first seen with mtime 1656863186.4650853
File /Users/kumargaurav/anaconda3/lib/python3.8/site-packages/django/contrib/auth/migrations/0007_alter_validators_add_error_messages.py first seen with mtime 1656863186.6232939
File /Users/kumargaurav/anaconda3/lib/python3.8/site-packages/django/contrib/auth/migrations/0002_alter_permission_name_max_length.py first seen with mtime 1656863186.6220267
File /Users/kumargaurav/anaconda3/lib/python3.8/site-packages/django/db/models/sql/compiler.py first seen with mtime 1656863187.320166
File /Users/kumargaurav/anaconda3/lib/python3.8/site-packages/django/contrib/auth/middleware.py first seen with mtime 1656863186.5430179
File /Users/kumargaurav/anaconda3/lib/python3.8/site-packages/django/contrib/admin/views/main.py first seen with mtime 1656863186.4665146
File /Users/kumargaurav/anaconda3/lib/python3.8/site-packages/django/contrib/admin/templatetags/admin_modify.py first seen with mtime 1656863186.4641798
File /Users/kumargaurav/anaconda3/lib/python3.8/site-packages/django/middleware/clickjacking.py first seen with mtime 1656863187.3433728
File /Users/kumargaurav/anaconda3/lib/python3.8/site-packages/django/middleware/security.py first seen with mtime 1656863187.3458796
File /Users/kumargaurav/anaconda3/lib/python3.8/site-packages/django/contrib/auth/migrations/__init__.py first seen with mtime 1656863186.6244414
File /Users/kumargaurav/anaconda3/lib/python3.8/site-packages/django/db/migrations/executor.py first seen with mtime 1656863187.302534
File /Users/kumargaurav/anaconda3/lib/python3.8/site-packages/django/contrib/sessions/exceptions.py first seen with mtime 1656863187.0853229
File /Users/kumargaurav/anaconda3/lib/python3.8/site-packages/django/contrib/admin/migrations/0003_logentry_add_action_flag_choices.py first seen with mtime 1656863186.3919632
File /Users/kumargaurav/anaconda3/lib/python3.8/site-packages/imagekit/compat.py first seen with mtime 1626098585.764518
File /Users/kumargaurav/anaconda3/lib/python3.8/site-packages/django/contrib/auth/migrations/0003_alter_user_email_max_length.py first seen with mtime 1656863186.6223307
File /Users/kumargaurav/Downloads/django-photo-gallery/django_photo_gallery/app/migrations/__init__.py first seen with mtime 1656863103.8412528
File /Users/kumargaurav/anaconda3/lib/python3.8/site-packages/django/db/migrations/graph.py first seen with mtime 1656863187.3031013
File /Users/kumargaurav/anaconda3/lib/python3.8/site-packages/django/contrib/contenttypes/migrations/0002_remove_content_type_name.py first seen with mtime 1656863186.6863053
File /Users/kumargaurav/anaconda3/lib/python3.8/site-packages/django/contrib/staticfiles/templatetags/staticfiles.py first seen with mtime 1656863187.2459006
File /Users/kumargaurav/anaconda3/lib/python3.8/site-packages/django/contrib/admin/templatetags/admin_list.py first seen with mtime 1656863186.4638734
File /Users/kumargaurav/anaconda3/lib/python3.8/site-packages/django/contrib/auth/migrations/0004_alter_user_username_opts.py first seen with mtime 1656863186.622574
File /Users/kumargaurav/anaconda3/lib/python3.8/site-packages/django/contrib/sessions/migrations/0001_initial.py first seen with mtime 1656863187.1685433
File /Users/kumargaurav/anaconda3/lib/python3.8/site-packages/material/widgets.py first seen with mtime 1626098585.0887694
File /Users/kumargaurav/anaconda3/lib/python3.8/site-packages/django/contrib/admin/templatetags/admin_static.py first seen with mtime 1656863186.4644914
File /Users/kumargaurav/anaconda3/lib/python3.8/site-packages/material/templatetags/material_form_internal.py first seen with mtime 1626098585.0910175
File /Users/kumargaurav/anaconda3/lib/python3.8/site-packages/imagekit/templatetags/imagekit.py first seen with mtime 1626098585.7687619
File /Users/kumargaurav/anaconda3/lib/python3.8/site-packages/django/contrib/contenttypes/migrations/__init__.py first seen with mtime 1656863186.6864648
File /Users/kumargaurav/anaconda3/lib/python3.8/site-packages/django/contrib/sites/migrations/0002_alter_domain_unique.py first seen with mtime 1656863187.2401059
File /Users/kumargaurav/anaconda3/lib/python3.8/site-packages/django/contrib/auth/migrations/0010_alter_group_name_max_length.py first seen with mtime 1656863186.6240156
File /Users/kumargaurav/anaconda3/lib/python3.8/site-packages/django/contrib/auth/migrations/0011_update_proxy_permissions.py first seen with mtime 1656863186.6242826
File /Users/kumargaurav/anaconda3/lib/python3.8/site-packages/django/contrib/sites/migrations/__init__.py first seen with mtime 1656863187.240273
File /Users/kumargaurav/anaconda3/lib/python3.8/site-packages/material/compat.py first seen with mtime 1626098585.089205
File /Users/kumargaurav/anaconda3/lib/python3.8/site-packages/django/middleware/common.py first seen with mtime 1656863187.343787
File /Users/kumargaurav/anaconda3/lib/python3.8/site-packages/django/db/migrations/recorder.py first seen with mtime 1656863187.30542
File /Users/kumargaurav/anaconda3/lib/python3.8/site-packages/imagekit/templatetags/__init__.py first seen with mtime 1626098585.7689466
File /Users/kumargaurav/anaconda3/lib/python3.8/site-packages/django/contrib/auth/migrations/0009_alter_user_last_name_max_length.py first seen with mtime 1656863186.623774
File /Users/kumargaurav/anaconda3/lib/python3.8/site-packages/django/contrib/auth/backends.py first seen with mtime 1656863186.5402925
File /Users/kumargaurav/anaconda3/lib/python3.8/site-packages/django/contrib/messages/middleware.py first seen with mtime 1656863186.9611387
File /Users/kumargaurav/anaconda3/lib/python3.8/site-packages/django/contrib/staticfiles/templatetags/__init__.py first seen with mtime 1656863187.245386
File /Users/kumargaurav/anaconda3/lib/python3.8/site-packages/django/db/migrations/loader.py first seen with mtime 1656863187.3036535
File /Users/kumargaurav/anaconda3/lib/python3.8/site-packages/django/contrib/admin/migrations/__init__.py first seen with mtime 1656863186.392226
File /Users/kumargaurav/anaconda3/lib/python3.8/site-packages/django/contrib/sessions/backends/__init__.py first seen with mtime 1656863187.0865467
File /Users/kumargaurav/Downloads/django-photo-gallery/django_photo_gallery/django_photo_gallery/wsgi.py first seen with mtime 1656863103.9613695
File /Users/kumargaurav/anaconda3/lib/python3.8/site-packages/django/contrib/auth/migrations/0001_initial.py first seen with mtime 1656863186.6217756
File /Users/kumargaurav/Downloads/django-photo-gallery/django_photo_gallery/app/migrations/0001_initial.py first seen with mtime 1656863103.8410163
File /Users/kumargaurav/anaconda3/lib/python3.8/site-packages/django/contrib/auth/migrations/0005_alter_user_last_login_null.py first seen with mtime 1656863186.6228163
File /Users/kumargaurav/anaconda3/lib/python3.8/site-packages/material/templatetags/material_form.py first seen with mtime 1626098585.090569
File /Users/kumargaurav/anaconda3/lib/python3.8/site-packages/django/contrib/sessions/migrations/__init__.py first seen with mtime 1656863187.168704
(0.001) SELECT COUNT(*) AS "__count" FROM "app_album" WHERE "app_album"."is_visible" = 1; args=(True,)
(0.000) SELECT "app_album"."id", "app_album"."title", "app_album"."description", "app_album"."thumb", "app_album"."tags", "app_album"."is_visible", "app_album"."created", "app_album"."modified", "app_album"."slug" FROM "app_album" WHERE "app_album"."is_visible" = 1 ORDER BY "app_album"."created" DESC; args=(True,)
Exception while resolving variable 'has_previous' in template 'gallery.html'.
Traceback (most recent call last):
  File "/Users/kumargaurav/anaconda3/lib/python3.8/site-packages/django/template/base.py", line 829, in _resolve_lookup
    current = current[bit]
  File "/Users/kumargaurav/anaconda3/lib/python3.8/site-packages/django/db/models/query.py", line 284, in __getitem__
    raise TypeError
TypeError

During handling of the above exception, another exception occurred:

Traceback (most recent call last):
  File "/Users/kumargaurav/anaconda3/lib/python3.8/site-packages/django/template/base.py", line 837, in _resolve_lookup
    current = getattr(current, bit)
AttributeError: 'QuerySet' object has no attribute 'has_previous'

During handling of the above exception, another exception occurred:

Traceback (most recent call last):
  File "/Users/kumargaurav/anaconda3/lib/python3.8/site-packages/django/template/base.py", line 843, in _resolve_lookup
    current = current[int(bit)]
ValueError: invalid literal for int() with base 10: 'has_previous'

During handling of the above exception, another exception occurred:

Traceback (most recent call last):
  File "/Users/kumargaurav/anaconda3/lib/python3.8/site-packages/django/template/base.py", line 848, in _resolve_lookup
    raise VariableDoesNotExist("Failed lookup for key "
django.template.base.VariableDoesNotExist: Failed lookup for key [has_previous] in <QuerySet [<Album: Album object (4)>, <Album: Album object (3)>, <Album: Album object (2)>, <Album: Album object (1)>]>
Exception while resolving variable 'has_next' in template 'gallery.html'.
Traceback (most recent call last):
  File "/Users/kumargaurav/anaconda3/lib/python3.8/site-packages/django/template/base.py", line 829, in _resolve_lookup
    current = current[bit]
  File "/Users/kumargaurav/anaconda3/lib/python3.8/site-packages/django/db/models/query.py", line 284, in __getitem__
    raise TypeError
TypeError

During handling of the above exception, another exception occurred:

Traceback (most recent call last):
  File "/Users/kumargaurav/anaconda3/lib/python3.8/site-packages/django/template/base.py", line 837, in _resolve_lookup
    current = getattr(current, bit)
AttributeError: 'QuerySet' object has no attribute 'has_next'

During handling of the above exception, another exception occurred:

Traceback (most recent call last):
  File "/Users/kumargaurav/anaconda3/lib/python3.8/site-packages/django/template/base.py", line 843, in _resolve_lookup
    current = current[int(bit)]
ValueError: invalid literal for int() with base 10: 'has_next'

During handling of the above exception, another exception occurred:

Traceback (most recent call last):
  File "/Users/kumargaurav/anaconda3/lib/python3.8/site-packages/django/template/base.py", line 848, in _resolve_lookup
    raise VariableDoesNotExist("Failed lookup for key "
django.template.base.VariableDoesNotExist: Failed lookup for key [has_next] in <QuerySet [<Album: Album object (4)>, <Album: Album object (3)>, <Album: Album object (2)>, <Album: Album object (1)>]>
"GET / HTTP/1.1" 200 7526
"GET /static/material/fonts/roboto/style.css HTTP/1.1" 200 5045
"GET /static/material/fonts/material-design-icons/material-icons.css HTTP/1.1" 200 970
"GET /static/material/js/custom-elements.min.js HTTP/1.1" 200 16048
"GET /static/material/css/materialize.forms.css HTTP/1.1" 200 3121
"GET /static/material/css/materialize.css HTTP/1.1" 200 180888
"GET /static/material/css/jquery.datetimepicker.css HTTP/1.1" 200 18419
"GET /static/material/js/materialize.components.js HTTP/1.1" 200 51055
"GET /static/site.css HTTP/1.1" 200 1249
"GET /static/material/js/jquery.datetimepicker.full.js HTTP/1.1" 200 105563
"GET /static/material/js/materialize.forms.js HTTP/1.1" 200 2053
"GET /static/app.js HTTP/1.1" 200 1234
"GET /static/material/js/jquery.formset.js HTTP/1.1" 200 8479
"GET /static/material/js/jquery-2.2.0.js HTTP/1.1" 200 258388
"GET /media/albums/20150425_134200.jpg HTTP/1.1" 200 21367
"GET /media/albums/IMG_0631.JPG HTTP/1.1" 200 27110
"GET /media/albums/IMG_4044.JPG HTTP/1.1" 200 17113
"GET /static/material/js/materialize.js HTTP/1.1" 200 353966
"GET /media/albums/IMG_7256.jpg HTTP/1.1" 200 23330
"GET /static/social/social-rss.svg HTTP/1.1" 200 862
"GET /static/social/social-github.svg HTTP/1.1" 200 1351
"GET /static/social/social-linkedin.svg HTTP/1.1" 200 991
"GET /static/social/social-twitter.svg HTTP/1.1" 200 1091
"GET /static/images/mountain.jpg HTTP/1.1" 200 1543693
"GET /static/images/lake.jpg HTTP/1.1" 200 1432853
"GET /static/Ubuntu-Regular.ttf HTTP/1.1" 200 353824
File /Users/kumargaurav/anaconda3/lib/python3.8/site-packages/django/template/loaders/__init__.py first seen with mtime 1656863187.3543034
File /Users/kumargaurav/anaconda3/lib/python3.8/site-packages/django/contrib/sessions/serializers.py first seen with mtime 1656863187.0863075
File /Users/kumargaurav/anaconda3/lib/python3.8/site-packages/material/frontend/context_processors.py first seen with mtime 1626098585.1020231
File /Users/kumargaurav/anaconda3/lib/python3.8/site-packages/django/contrib/messages/utils.py first seen with mtime 1656863186.9613962
File /Users/kumargaurav/anaconda3/lib/python3.8/site-packages/django/contrib/messages/storage/session.py first seen with mtime 1656863186.963109
File /Users/kumargaurav/anaconda3/lib/python3.8/site-packages/django/contrib/staticfiles/storage.py first seen with mtime 1656863187.242
File /Users/kumargaurav/anaconda3/lib/python3.8/site-packages/django/contrib/auth/context_processors.py first seen with mtime 1656863186.541544
File /Users/kumargaurav/anaconda3/lib/python3.8/site-packages/django/contrib/messages/context_processors.py first seen with mtime 1656863186.9608402
File /Users/kumargaurav/anaconda3/lib/python3.8/site-packages/django/contrib/messages/storage/cookie.py first seen with mtime 1656863186.9625313
File /Users/kumargaurav/anaconda3/lib/python3.8/site-packages/django/contrib/messages/storage/fallback.py first seen with mtime 1656863186.9628005
File /Users/kumargaurav/anaconda3/lib/python3.8/site-packages/django/template/loaders/app_directories.py first seen with mtime 1656863187.3546252
File /Users/kumargaurav/anaconda3/lib/python3.8/site-packages/django/template/loaders/base.py first seen with mtime 1656863187.3549175
File /Users/kumargaurav/anaconda3/lib/python3.8/site-packages/django/template/context_processors.py first seen with mtime 1656863187.347995
File /Users/kumargaurav/anaconda3/lib/python3.8/site-packages/django/template/loaders/filesystem.py first seen with mtime 1656863187.3555005
File /Users/kumargaurav/anaconda3/lib/python3.8/site-packages/django/contrib/messages/storage/base.py first seen with mtime 1656863186.9622502
"GET /favicon.ico HTTP/1.1" 301 0
"GET /static/icons/favicon.ico HTTP/1.1" 404 1675
